#
# A fatal error has been detected by the Java Runtime Environment:
#
#  EXCEPTION_ACCESS_VIOLATION (0xc0000005) at pc=0x00007ff819b3cf2c, pid=19464, tid=18228
#
# JRE version: OpenJDK Runtime Environment (19.0.2+7) (build 19.0.2+7-44)
# Java VM: OpenJDK 64-Bit Server VM (19.0.2+7-44, mixed mode, sharing, tiered, compressed oops, compressed class ptrs, g1 gc, windows-amd64)
# Problematic frame:
# C  [igxelpicd64.dll+0x30cf2c]
#
# No core dump will be written. Minidumps are not enabled by default on client versions of Windows
#
# If you would like to submit a bug report, please visit:
#   https://bugreport.java.com/bugreport/crash.jsp
#

---------------  S U M M A R Y ------------

Command Line: -agentlib:jdwp=transport=dt_socket,address=127.0.0.1:9917,suspend=y,server=n -Djava.library.path=C:\Users\ardah\IdeaProjects\21070006054 - HW1\LectureProject\natives -Dfile.encoding=UTF-8 chapter2.taggame.TagGame

Host: 11th Gen Intel(R) Core(TM) i7-11800H @ 2.30GHz, 16 cores, 15G,  Windows 11 , 64 bit Build 22621 (10.0.22621.3958)
Time: Mon Nov  4 04:19:52 2024 Türkiye Standart Saati elapsed time: 102.917383 seconds (0d 0h 1m 42s)

---------------  T H R E A D  ---------------

Current thread (0x00000249a35111e0):  VMThread "VM Thread" [stack: 0x000000a56f100000,0x000000a56f200000] [id=18228]

Stack: [0x000000a56f100000,0x000000a56f200000],  sp=0x000000a56f1fe890,  free space=1018k
Native frames: (J=compiled Java code, j=interpreted, Vv=VM code, C=native code)
C  [igxelpicd64.dll+0x30cf2c]


siginfo: EXCEPTION_ACCESS_VIOLATION (0xc0000005), reading address 0x00000000000356f8


Registers:
RAX=0x00000249a96140a0, RBX=0x00000249a87dca70, RCX=0x0000000000000000, RDX=0x0000000000000000
RSP=0x000000a56f1fe890, RBP=0x0000000000000016, RSI=0x00000249a94cf5e0, RDI=0x0000000000000000
R8 =0x0000000000000014, R9 =0x0000000000000000, R10=0x0000000000000000, R11=0x0000000000000246
R12=0x00000249a9614568, R13=0x0000000000000000, R14=0x00000249a9613fa0, R15=0x0000000000000000
RIP=0x00007ff819b3cf2c, EFLAGS=0x0000000000010206


Register to memory mapping:

RIP=0x00007ff819b3cf2c igxelpicd64.dll
RAX=0x00000249a96140a0 points into unknown readable memory: 0x000000000000002b | 2b 00 00 00 00 00 00 00
RBX=0x00000249a87dca70 points into unknown readable memory: 0xffffffffffffffff | ff ff ff ff ff ff ff ff
RCX=0x0 is NULL
RDX=0x0 is NULL
RSP=0x000000a56f1fe890 points into unknown readable memory: 0x00000249a87dca70 | 70 ca 7d a8 49 02 00 00
RBP=0x0000000000000016 is an unknown value
RSI=0x00000249a94cf5e0 points into unknown readable memory: 0x00000249fe110100 | 00 01 11 fe 49 02 00 00
RDI=0x0 is NULL
R8 =0x0000000000000014 is an unknown value
R9 =0x0 is NULL
R10=0x0 is NULL
R11=0x0000000000000246 is an unknown value
R12=0x00000249a9614568 points into unknown readable memory: 0x0000000000000000 | 00 00 00 00 00 00 00 00
R13=0x0 is NULL
R14=0x00000249a9613fa0 points into unknown readable memory: 0x00000249a9302980 | 80 29 30 a9 49 02 00 00
R15=0x0 is NULL


Top of Stack: (sp=0x000000a56f1fe890)
0x000000a56f1fe890:   00000249a87dca70 00007ff8bceb42a9
0x000000a56f1fe8a0:   000000a56f1fe928 0000000000000000
0x000000a56f1fe8b0:   0000000000000054 00000249a87dca70
0x000000a56f1fe8c0:   02ff569301eff692 00007ff8bda34174
0x000000a56f1fe8d0:   0274e693018cce93 02275b9401e05a94
0x000000a56f1fe8e0:   016e1295015ba194 00000249a93d2a78
0x000000a56f1fe8f0:   0000000000000032 0000000000000000
0x000000a56f1fe900:   000000000000000e 0000000000000000
0x000000a56f1fe910:   0000000000000000 000000a56f1fea30
0x000000a56f1fe920:   00000249a94cf5e0 00007ff819a1d62c
0x000000a56f1fe930:   0000024900000016 0000000000000000
0x000000a56f1fe940:   026b309e02f51000 0230829f02977600
0x000000a56f1fe950:   000000a500000d40 0000b80200000000
0x000000a56f1fe960:   0000000000000000 027bd0a1026ea0a1
0x000000a56f1fe970:   025d06a2000605a2 02ba7aa202c32fa2
0x000000a56f1fe980:   0308d4a3021096a2 01dde8a30115e7a3 

Instructions: (pc=0x00007ff819b3cf2c)
0x00007ff819b3ce2c:   41 bf 20 00 00 00 48 8b 04 38 4d 8b 3c 07 0f b6
0x00007ff819b3ce3c:   bc 24 b0 00 00 00 4c 3b 3d f7 b6 c3 00 41 0f 44
0x00007ff819b3ce4c:   e9 89 ac 24 a0 00 00 00 48 85 c9 0f 84 d4 07 00
0x00007ff819b3ce5c:   00 0f 1f 00 4c 8b f1 4c 8d a1 c8 05 00 00 49 8b
0x00007ff819b3ce6c:   04 24 48 89 84 24 a8 00 00 00 40 84 ff 74 10 48
0x00007ff819b3ce7c:   8b d1 48 8b 09 e8 0a 49 ee ff e9 4f 07 00 00 8b
0x00007ff819b3ce8c:   96 c8 01 00 00 48 8b 05 78 9a b3 00 83 b8 64 03
0x00007ff819b3ce9c:   00 00 02 0f 85 18 02 00 00 83 fa 10 73 0e 48 8d
0x00007ff819b3ceac:   42 04 48 8d 04 c2 48 8d 04 c1 eb 60 8d 4a f0 8b
0x00007ff819b3cebc:   c1 c1 e8 04 83 f8 03 73 1d 0f ae e8 83 e1 0f 4d
0x00007ff819b3cecc:   8b 84 c6 80 05 00 00 4d 85 c0 74 25 48 8d 0c c9
0x00007ff819b3cedc:   49 8d 04 c8 eb 36 49 8b 86 98 05 00 00 48 85 c0
0x00007ff819b3ceec:   74 0f 66 90 39 10 74 2f 48 8b 40 50 48 85 c0 75
0x00007ff819b3cefc:   f3 41 80 be a0 05 00 00 00 74 22 8b c2 83 e0 0f
0x00007ff819b3cf0c:   48 8d 04 c0 48 8d 40 20 49 8d 04 c6 48 85 c0 74
0x00007ff819b3cf1c:   0c 48 8b 48 08 eb 09 48 83 c0 08 eb ef 49 8b c9
0x00007ff819b3cf2c:   49 3b 8f f8 56 03 00 0f 86 84 01 00 00 83 fa 10
0x00007ff819b3cf3c:   73 0a 48 8d 42 04 48 8d 04 c2 eb 5c 8d 4a f0 8b
0x00007ff819b3cf4c:   c1 c1 e8 04 83 f8 03 73 1d 0f ae e8 83 e1 0f 4d
0x00007ff819b3cf5c:   8b 84 c6 80 05 00 00 4d 85 c0 74 25 48 8d 0c c9
0x00007ff819b3cf6c:   49 8d 04 c8 eb 36 49 8b 86 98 05 00 00 48 85 c0
0x00007ff819b3cf7c:   74 0f 66 90 39 10 74 2f 48 8b 40 50 48 85 c0 75
0x00007ff819b3cf8c:   f3 41 80 be a0 05 00 00 00 74 22 8b c2 83 e0 0f
0x00007ff819b3cf9c:   48 8d 04 c0 48 8d 40 20 49 8d 04 c6 48 85 c0 74
0x00007ff819b3cfac:   0c 48 8b 48 08 eb 09 48 83 c0 08 eb ef 49 8b c9
0x00007ff819b3cfbc:   49 3b 8e 40 06 00 00 0f 86 f4 00 00 00 48 8b 86
0x00007ff819b3cfcc:   78 02 00 00 49 89 04 24 4c 89 b6 78 02 00 00 ff
0x00007ff819b3cfdc:   86 80 02 00 00 49 8b 46 08 48 8b 88 18 01 00 00
0x00007ff819b3cfec:   48 81 e1 00 00 ff ff 48 81 c1 00 00 01 00 48 01
0x00007ff819b3cffc:   8e 88 02 00 00 ba 01 00 00 00 49 8b 4e 08 e8 b1
0x00007ff819b3d00c:   91 d4 ff 48 01 86 98 02 00 00 85 ed 74 75 49 8b
0x00007ff819b3d01c:   9f 58 4f 03 00 0f 57 c0 f3 0f 7f 44 24 30 c7 44 


Stack slot to memory mapping:
stack at sp + 0 slots: 0x00000249a87dca70 points into unknown readable memory: 0xffffffffffffffff | ff ff ff ff ff ff ff ff
stack at sp + 1 slots: 0x00007ff8bceb42a9 USER32.dll
stack at sp + 2 slots: 0x000000a56f1fe928 points into unknown readable memory: 0x00007ff819a1d62c | 2c d6 a1 19 f8 7f 00 00
stack at sp + 3 slots: 0x0 is NULL
stack at sp + 4 slots: 0x0000000000000054 is an unknown value
stack at sp + 5 slots: 0x00000249a87dca70 points into unknown readable memory: 0xffffffffffffffff | ff ff ff ff ff ff ff ff
stack at sp + 6 slots: 0x02ff569301eff692 is an unknown value
stack at sp + 7 slots: 0x00007ff8bda34174 ntdll.dll

VM_Operation (0x000000a56e8ff1f0): Exit, mode: safepoint, requested by thread 0x00000249a99a47c0


---------------  P R O C E S S  ---------------

Threads class SMR info:
_java_thread_list=0x00000249a87b9100, length=14, elements={
0x00000249fe20dfc0, 0x00000249a35302d0, 0x00000249a3530cd0, 0x00000249a3534ca0,
0x00000249a3538300, 0x00000249a3538840, 0x00000249a3539520, 0x00000249a8408090,
0x00000249a842b570, 0x00000249a84326b0, 0x00000249a8577160, 0x00000249a858c320,
0x00000249a8595660, 0x00000249a99a47c0
}

Java Threads: ( => current thread )
  0x00000249fe20dfc0 JavaThread "main" [_thread_blocked, id=7280, stack(0x000000a56eb00000,0x000000a56ec00000)]
  0x00000249a35302d0 JavaThread "Reference Handler" daemon [_thread_blocked, id=2204, stack(0x000000a56f200000,0x000000a56f300000)]
  0x00000249a3530cd0 JavaThread "Finalizer" daemon [_thread_blocked, id=32036, stack(0x000000a56f300000,0x000000a56f400000)]
  0x00000249a3534ca0 JavaThread "Signal Dispatcher" daemon [_thread_blocked, id=1584, stack(0x000000a56f400000,0x000000a56f500000)]
  0x00000249a3538300 JavaThread "Attach Listener" daemon [_thread_blocked, id=10936, stack(0x000000a56f500000,0x000000a56f600000)]
  0x00000249a3538840 JavaThread "Service Thread" daemon [_thread_blocked, id=26932, stack(0x000000a56f600000,0x000000a56f700000)]
  0x00000249a3539520 JavaThread "Monitor Deflation Thread" daemon [_thread_blocked, id=25044, stack(0x000000a56f700000,0x000000a56f800000)]
  0x00000249a8408090 JavaThread "C2 CompilerThread0" daemon [_thread_blocked, id=19784, stack(0x000000a56f800000,0x000000a56f900000)]
  0x00000249a842b570 JavaThread "C1 CompilerThread0" daemon [_thread_blocked, id=2404, stack(0x000000a56f900000,0x000000a56fa00000)]
  0x00000249a84326b0 JavaThread "Sweeper thread" daemon [_thread_blocked, id=30564, stack(0x000000a56fa00000,0x000000a56fb00000)]
  0x00000249a8577160 JavaThread "JDWP Event Helper Thread" daemon [_thread_blocked, id=31460, stack(0x000000a56ff00000,0x000000a570000000)]
  0x00000249a858c320 JavaThread "Notification Thread" daemon [_thread_blocked, id=9672, stack(0x000000a570100000,0x000000a570200000)]
  0x00000249a8595660 JavaThread "Common-Cleaner" daemon [_thread_blocked, id=5068, stack(0x000000a570300000,0x000000a570400000)]
  0x00000249a99a47c0 JavaThread "SIGINT handler" daemon [_thread_blocked, id=2004, stack(0x000000a56e800000,0x000000a56e900000)]

Other Threads:
=>0x00000249a35111e0 VMThread "VM Thread" [stack: 0x000000a56f100000,0x000000a56f200000] [id=18228]
  0x00000249ffc9aa90 WorkerThread "GC Thread#0" [stack: 0x000000a56ec00000,0x000000a56ed00000] [id=29092]
  0x00000249ffcab500 ConcurrentGCThread "G1 Main Marker" terminated
  0x00000249ffcac6b0 WorkerThread "G1 Conc#0" [stack: 0x000000a56ee00000,0x000000a56ef00000] [id=32188]
  0x00000249a33cb450 ConcurrentGCThread "G1 Refine#0" terminated
  0x00000249a33cbea0 ConcurrentGCThread "G1 Service" terminated

Threads with active compile tasks:

VM state: at safepoint (shutting down)

VM Mutex/Monitor currently owned by a thread:  ([mutex/lock_event])
[0x00000249fe20b8f0] Threads_lock - owner thread: 0x00000249a35111e0
[0x00000249fe20be90] Heap_lock - owner thread: 0x00000249a99a47c0

Heap address: 0x0000000705a00000, size: 4006 MB, Compressed Oops mode: Zero based, Oop shift amount: 3

CDS archive(s) mapped at: [0x0000000800000000-0x0000000800c40000-0x0000000800c40000), size 12845056, SharedBaseAddress: 0x0000000800000000, ArchiveRelocationMode: 0.
Compressed class space mapped at: 0x0000000801000000-0x0000000841000000, reserved size: 1073741824
Narrow klass base: 0x0000000800000000, Narrow klass shift: 0, Narrow klass range: 0x100000000

GC Precious Log:
 CardTable entry size: 512
 Card Set container configuration: InlinePtr #cards 4 size 8 Array Of Cards #cards 16 size 48 Howl #buckets 8 coarsen threshold 3686 Howl Bitmap #cards 512 size 80 coarsen threshold 460 Card regions per heap region 1 cards per card region 4096
 CPUs: 16 total, 16 available
 Memory: 16021M
 Large Page Support: Disabled
 NUMA Support: Disabled
 Compressed Oops: Enabled (Zero based)
 Heap Region Size: 2M
 Heap Min Capacity: 8M
 Heap Initial Capacity: 252M
 Heap Max Capacity: 4006M
 Pre-touch: Disabled
 Parallel Workers: 13
 Concurrent Workers: 3
 Concurrent Refinement Workers: 13
 Periodic GC: Disabled

Heap:
 garbage-first heap   total 258048K, used 10240K [0x0000000705a00000, 0x0000000800000000)
  region size 2048K, 7 young (14336K), 0 survivors (0K)
 Metaspace       used 4146K, committed 4352K, reserved 1114112K
  class space    used 308K, committed 384K, reserved 1048576K

Heap Regions: E=young(eden), S=young(survivor), O=old, HS=humongous(starts), HC=humongous(continues), CS=collection set, F=free, OA=open archive, CA=closed archive, TAMS=top-at-mark-start (previous, next)
|   0|0x0000000705a00000, 0x0000000705a00000, 0x0000000705c00000|  0%| F|  |TAMS 0x0000000705a00000, 0x0000000705a00000| Untracked 
|   1|0x0000000705c00000, 0x0000000705c00000, 0x0000000705e00000|  0%| F|  |TAMS 0x0000000705c00000, 0x0000000705c00000| Untracked 
|   2|0x0000000705e00000, 0x0000000705e00000, 0x0000000706000000|  0%| F|  |TAMS 0x0000000705e00000, 0x0000000705e00000| Untracked 
|   3|0x0000000706000000, 0x0000000706000000, 0x0000000706200000|  0%| F|  |TAMS 0x0000000706000000, 0x0000000706000000| Untracked 
|   4|0x0000000706200000, 0x0000000706200000, 0x0000000706400000|  0%| F|  |TAMS 0x0000000706200000, 0x0000000706200000| Untracked 
|   5|0x0000000706400000, 0x0000000706400000, 0x0000000706600000|  0%| F|  |TAMS 0x0000000706400000, 0x0000000706400000| Untracked 
|   6|0x0000000706600000, 0x0000000706600000, 0x0000000706800000|  0%| F|  |TAMS 0x0000000706600000, 0x0000000706600000| Untracked 
|   7|0x0000000706800000, 0x0000000706800000, 0x0000000706a00000|  0%| F|  |TAMS 0x0000000706800000, 0x0000000706800000| Untracked 
|   8|0x0000000706a00000, 0x0000000706a00000, 0x0000000706c00000|  0%| F|  |TAMS 0x0000000706a00000, 0x0000000706a00000| Untracked 
|   9|0x0000000706c00000, 0x0000000706c00000, 0x0000000706e00000|  0%| F|  |TAMS 0x0000000706c00000, 0x0000000706c00000| Untracked 
|  10|0x0000000706e00000, 0x0000000706e00000, 0x0000000707000000|  0%| F|  |TAMS 0x0000000706e00000, 0x0000000706e00000| Untracked 
|  11|0x0000000707000000, 0x0000000707000000, 0x0000000707200000|  0%| F|  |TAMS 0x0000000707000000, 0x0000000707000000| Untracked 
|  12|0x0000000707200000, 0x0000000707200000, 0x0000000707400000|  0%| F|  |TAMS 0x0000000707200000, 0x0000000707200000| Untracked 
|  13|0x0000000707400000, 0x0000000707400000, 0x0000000707600000|  0%| F|  |TAMS 0x0000000707400000, 0x0000000707400000| Untracked 
|  14|0x0000000707600000, 0x0000000707600000, 0x0000000707800000|  0%| F|  |TAMS 0x0000000707600000, 0x0000000707600000| Untracked 
|  15|0x0000000707800000, 0x0000000707800000, 0x0000000707a00000|  0%| F|  |TAMS 0x0000000707800000, 0x0000000707800000| Untracked 
|  16|0x0000000707a00000, 0x0000000707a00000, 0x0000000707c00000|  0%| F|  |TAMS 0x0000000707a00000, 0x0000000707a00000| Untracked 
|  17|0x0000000707c00000, 0x0000000707c00000, 0x0000000707e00000|  0%| F|  |TAMS 0x0000000707c00000, 0x0000000707c00000| Untracked 
|  18|0x0000000707e00000, 0x0000000707e00000, 0x0000000708000000|  0%| F|  |TAMS 0x0000000707e00000, 0x0000000707e00000| Untracked 
|  19|0x0000000708000000, 0x0000000708000000, 0x0000000708200000|  0%| F|  |TAMS 0x0000000708000000, 0x0000000708000000| Untracked 
|  20|0x0000000708200000, 0x0000000708200000, 0x0000000708400000|  0%| F|  |TAMS 0x0000000708200000, 0x0000000708200000| Untracked 
|  21|0x0000000708400000, 0x0000000708400000, 0x0000000708600000|  0%| F|  |TAMS 0x0000000708400000, 0x0000000708400000| Untracked 
|  22|0x0000000708600000, 0x0000000708600000, 0x0000000708800000|  0%| F|  |TAMS 0x0000000708600000, 0x0000000708600000| Untracked 
|  23|0x0000000708800000, 0x0000000708800000, 0x0000000708a00000|  0%| F|  |TAMS 0x0000000708800000, 0x0000000708800000| Untracked 
|  24|0x0000000708a00000, 0x0000000708a00000, 0x0000000708c00000|  0%| F|  |TAMS 0x0000000708a00000, 0x0000000708a00000| Untracked 
|  25|0x0000000708c00000, 0x0000000708c00000, 0x0000000708e00000|  0%| F|  |TAMS 0x0000000708c00000, 0x0000000708c00000| Untracked 
|  26|0x0000000708e00000, 0x0000000708e00000, 0x0000000709000000|  0%| F|  |TAMS 0x0000000708e00000, 0x0000000708e00000| Untracked 
|  27|0x0000000709000000, 0x0000000709000000, 0x0000000709200000|  0%| F|  |TAMS 0x0000000709000000, 0x0000000709000000| Untracked 
|  28|0x0000000709200000, 0x0000000709200000, 0x0000000709400000|  0%| F|  |TAMS 0x0000000709200000, 0x0000000709200000| Untracked 
|  29|0x0000000709400000, 0x0000000709400000, 0x0000000709600000|  0%| F|  |TAMS 0x0000000709400000, 0x0000000709400000| Untracked 
|  30|0x0000000709600000, 0x0000000709600000, 0x0000000709800000|  0%| F|  |TAMS 0x0000000709600000, 0x0000000709600000| Untracked 
|  31|0x0000000709800000, 0x0000000709800000, 0x0000000709a00000|  0%| F|  |TAMS 0x0000000709800000, 0x0000000709800000| Untracked 
|  32|0x0000000709a00000, 0x0000000709a00000, 0x0000000709c00000|  0%| F|  |TAMS 0x0000000709a00000, 0x0000000709a00000| Untracked 
|  33|0x0000000709c00000, 0x0000000709c00000, 0x0000000709e00000|  0%| F|  |TAMS 0x0000000709c00000, 0x0000000709c00000| Untracked 
|  34|0x0000000709e00000, 0x0000000709e00000, 0x000000070a000000|  0%| F|  |TAMS 0x0000000709e00000, 0x0000000709e00000| Untracked 
|  35|0x000000070a000000, 0x000000070a000000, 0x000000070a200000|  0%| F|  |TAMS 0x000000070a000000, 0x000000070a000000| Untracked 
|  36|0x000000070a200000, 0x000000070a200000, 0x000000070a400000|  0%| F|  |TAMS 0x000000070a200000, 0x000000070a200000| Untracked 
|  37|0x000000070a400000, 0x000000070a400000, 0x000000070a600000|  0%| F|  |TAMS 0x000000070a400000, 0x000000070a400000| Untracked 
|  38|0x000000070a600000, 0x000000070a600000, 0x000000070a800000|  0%| F|  |TAMS 0x000000070a600000, 0x000000070a600000| Untracked 
|  39|0x000000070a800000, 0x000000070a800000, 0x000000070aa00000|  0%| F|  |TAMS 0x000000070a800000, 0x000000070a800000| Untracked 
|  40|0x000000070aa00000, 0x000000070aa00000, 0x000000070ac00000|  0%| F|  |TAMS 0x000000070aa00000, 0x000000070aa00000| Untracked 
|  41|0x000000070ac00000, 0x000000070ac00000, 0x000000070ae00000|  0%| F|  |TAMS 0x000000070ac00000, 0x000000070ac00000| Untracked 
|  42|0x000000070ae00000, 0x000000070ae00000, 0x000000070b000000|  0%| F|  |TAMS 0x000000070ae00000, 0x000000070ae00000| Untracked 
|  43|0x000000070b000000, 0x000000070b000000, 0x000000070b200000|  0%| F|  |TAMS 0x000000070b000000, 0x000000070b000000| Untracked 
|  44|0x000000070b200000, 0x000000070b200000, 0x000000070b400000|  0%| F|  |TAMS 0x000000070b200000, 0x000000070b200000| Untracked 
|  45|0x000000070b400000, 0x000000070b400000, 0x000000070b600000|  0%| F|  |TAMS 0x000000070b400000, 0x000000070b400000| Untracked 
|  46|0x000000070b600000, 0x000000070b600000, 0x000000070b800000|  0%| F|  |TAMS 0x000000070b600000, 0x000000070b600000| Untracked 
|  47|0x000000070b800000, 0x000000070b800000, 0x000000070ba00000|  0%| F|  |TAMS 0x000000070b800000, 0x000000070b800000| Untracked 
|  48|0x000000070ba00000, 0x000000070ba00000, 0x000000070bc00000|  0%| F|  |TAMS 0x000000070ba00000, 0x000000070ba00000| Untracked 
|  49|0x000000070bc00000, 0x000000070bc00000, 0x000000070be00000|  0%| F|  |TAMS 0x000000070bc00000, 0x000000070bc00000| Untracked 
|  50|0x000000070be00000, 0x000000070be00000, 0x000000070c000000|  0%| F|  |TAMS 0x000000070be00000, 0x000000070be00000| Untracked 
|  51|0x000000070c000000, 0x000000070c000000, 0x000000070c200000|  0%| F|  |TAMS 0x000000070c000000, 0x000000070c000000| Untracked 
|  52|0x000000070c200000, 0x000000070c200000, 0x000000070c400000|  0%| F|  |TAMS 0x000000070c200000, 0x000000070c200000| Untracked 
|  53|0x000000070c400000, 0x000000070c400000, 0x000000070c600000|  0%| F|  |TAMS 0x000000070c400000, 0x000000070c400000| Untracked 
|  54|0x000000070c600000, 0x000000070c600000, 0x000000070c800000|  0%| F|  |TAMS 0x000000070c600000, 0x000000070c600000| Untracked 
|  55|0x000000070c800000, 0x000000070c800000, 0x000000070ca00000|  0%| F|  |TAMS 0x000000070c800000, 0x000000070c800000| Untracked 
|  56|0x000000070ca00000, 0x000000070ca00000, 0x000000070cc00000|  0%| F|  |TAMS 0x000000070ca00000, 0x000000070ca00000| Untracked 
|  57|0x000000070cc00000, 0x000000070cc00000, 0x000000070ce00000|  0%| F|  |TAMS 0x000000070cc00000, 0x000000070cc00000| Untracked 
|  58|0x000000070ce00000, 0x000000070ce00000, 0x000000070d000000|  0%| F|  |TAMS 0x000000070ce00000, 0x000000070ce00000| Untracked 
|  59|0x000000070d000000, 0x000000070d000000, 0x000000070d200000|  0%| F|  |TAMS 0x000000070d000000, 0x000000070d000000| Untracked 
|  60|0x000000070d200000, 0x000000070d200000, 0x000000070d400000|  0%| F|  |TAMS 0x000000070d200000, 0x000000070d200000| Untracked 
|  61|0x000000070d400000, 0x000000070d400000, 0x000000070d600000|  0%| F|  |TAMS 0x000000070d400000, 0x000000070d400000| Untracked 
|  62|0x000000070d600000, 0x000000070d600000, 0x000000070d800000|  0%| F|  |TAMS 0x000000070d600000, 0x000000070d600000| Untracked 
|  63|0x000000070d800000, 0x000000070d800000, 0x000000070da00000|  0%| F|  |TAMS 0x000000070d800000, 0x000000070d800000| Untracked 
|  64|0x000000070da00000, 0x000000070da00000, 0x000000070dc00000|  0%| F|  |TAMS 0x000000070da00000, 0x000000070da00000| Untracked 
|  65|0x000000070dc00000, 0x000000070dc00000, 0x000000070de00000|  0%| F|  |TAMS 0x000000070dc00000, 0x000000070dc00000| Untracked 
|  66|0x000000070de00000, 0x000000070de00000, 0x000000070e000000|  0%| F|  |TAMS 0x000000070de00000, 0x000000070de00000| Untracked 
|  67|0x000000070e000000, 0x000000070e000000, 0x000000070e200000|  0%| F|  |TAMS 0x000000070e000000, 0x000000070e000000| Untracked 
|  68|0x000000070e200000, 0x000000070e200000, 0x000000070e400000|  0%| F|  |TAMS 0x000000070e200000, 0x000000070e200000| Untracked 
|  69|0x000000070e400000, 0x000000070e400000, 0x000000070e600000|  0%| F|  |TAMS 0x000000070e400000, 0x000000070e400000| Untracked 
|  70|0x000000070e600000, 0x000000070e600000, 0x000000070e800000|  0%| F|  |TAMS 0x000000070e600000, 0x000000070e600000| Untracked 
|  71|0x000000070e800000, 0x000000070e800000, 0x000000070ea00000|  0%| F|  |TAMS 0x000000070e800000, 0x000000070e800000| Untracked 
|  72|0x000000070ea00000, 0x000000070ea00000, 0x000000070ec00000|  0%| F|  |TAMS 0x000000070ea00000, 0x000000070ea00000| Untracked 
|  73|0x000000070ec00000, 0x000000070ec00000, 0x000000070ee00000|  0%| F|  |TAMS 0x000000070ec00000, 0x000000070ec00000| Untracked 
|  74|0x000000070ee00000, 0x000000070ee00000, 0x000000070f000000|  0%| F|  |TAMS 0x000000070ee00000, 0x000000070ee00000| Untracked 
|  75|0x000000070f000000, 0x000000070f000000, 0x000000070f200000|  0%| F|  |TAMS 0x000000070f000000, 0x000000070f000000| Untracked 
|  76|0x000000070f200000, 0x000000070f200000, 0x000000070f400000|  0%| F|  |TAMS 0x000000070f200000, 0x000000070f200000| Untracked 
|  77|0x000000070f400000, 0x000000070f400000, 0x000000070f600000|  0%| F|  |TAMS 0x000000070f400000, 0x000000070f400000| Untracked 
|  78|0x000000070f600000, 0x000000070f600000, 0x000000070f800000|  0%| F|  |TAMS 0x000000070f600000, 0x000000070f600000| Untracked 
|  79|0x000000070f800000, 0x000000070f800000, 0x000000070fa00000|  0%| F|  |TAMS 0x000000070f800000, 0x000000070f800000| Untracked 
|  80|0x000000070fa00000, 0x000000070fa00000, 0x000000070fc00000|  0%| F|  |TAMS 0x000000070fa00000, 0x000000070fa00000| Untracked 
|  81|0x000000070fc00000, 0x000000070fc00000, 0x000000070fe00000|  0%| F|  |TAMS 0x000000070fc00000, 0x000000070fc00000| Untracked 
|  82|0x000000070fe00000, 0x000000070fe00000, 0x0000000710000000|  0%| F|  |TAMS 0x000000070fe00000, 0x000000070fe00000| Untracked 
|  83|0x0000000710000000, 0x0000000710000000, 0x0000000710200000|  0%| F|  |TAMS 0x0000000710000000, 0x0000000710000000| Untracked 
|  84|0x0000000710200000, 0x0000000710200000, 0x0000000710400000|  0%| F|  |TAMS 0x0000000710200000, 0x0000000710200000| Untracked 
|  85|0x0000000710400000, 0x0000000710400000, 0x0000000710600000|  0%| F|  |TAMS 0x0000000710400000, 0x0000000710400000| Untracked 
|  86|0x0000000710600000, 0x0000000710600000, 0x0000000710800000|  0%| F|  |TAMS 0x0000000710600000, 0x0000000710600000| Untracked 
|  87|0x0000000710800000, 0x0000000710800000, 0x0000000710a00000|  0%| F|  |TAMS 0x0000000710800000, 0x0000000710800000| Untracked 
|  88|0x0000000710a00000, 0x0000000710a00000, 0x0000000710c00000|  0%| F|  |TAMS 0x0000000710a00000, 0x0000000710a00000| Untracked 
|  89|0x0000000710c00000, 0x0000000710c00000, 0x0000000710e00000|  0%| F|  |TAMS 0x0000000710c00000, 0x0000000710c00000| Untracked 
|  90|0x0000000710e00000, 0x0000000710e00000, 0x0000000711000000|  0%| F|  |TAMS 0x0000000710e00000, 0x0000000710e00000| Untracked 
|  91|0x0000000711000000, 0x0000000711000000, 0x0000000711200000|  0%| F|  |TAMS 0x0000000711000000, 0x0000000711000000| Untracked 
|  92|0x0000000711200000, 0x0000000711200000, 0x0000000711400000|  0%| F|  |TAMS 0x0000000711200000, 0x0000000711200000| Untracked 
|  93|0x0000000711400000, 0x0000000711400000, 0x0000000711600000|  0%| F|  |TAMS 0x0000000711400000, 0x0000000711400000| Untracked 
|  94|0x0000000711600000, 0x0000000711600000, 0x0000000711800000|  0%| F|  |TAMS 0x0000000711600000, 0x0000000711600000| Untracked 
|  95|0x0000000711800000, 0x0000000711800000, 0x0000000711a00000|  0%| F|  |TAMS 0x0000000711800000, 0x0000000711800000| Untracked 
|  96|0x0000000711a00000, 0x0000000711a00000, 0x0000000711c00000|  0%| F|  |TAMS 0x0000000711a00000, 0x0000000711a00000| Untracked 
|  97|0x0000000711c00000, 0x0000000711c00000, 0x0000000711e00000|  0%| F|  |TAMS 0x0000000711c00000, 0x0000000711c00000| Untracked 
|  98|0x0000000711e00000, 0x0000000711e00000, 0x0000000712000000|  0%| F|  |TAMS 0x0000000711e00000, 0x0000000711e00000| Untracked 
|  99|0x0000000712000000, 0x0000000712000000, 0x0000000712200000|  0%| F|  |TAMS 0x0000000712000000, 0x0000000712000000| Untracked 
| 100|0x0000000712200000, 0x0000000712200000, 0x0000000712400000|  0%| F|  |TAMS 0x0000000712200000, 0x0000000712200000| Untracked 
| 101|0x0000000712400000, 0x0000000712400000, 0x0000000712600000|  0%| F|  |TAMS 0x0000000712400000, 0x0000000712400000| Untracked 
| 102|0x0000000712600000, 0x0000000712600000, 0x0000000712800000|  0%| F|  |TAMS 0x0000000712600000, 0x0000000712600000| Untracked 
| 103|0x0000000712800000, 0x0000000712800000, 0x0000000712a00000|  0%| F|  |TAMS 0x0000000712800000, 0x0000000712800000| Untracked 
| 104|0x0000000712a00000, 0x0000000712a00000, 0x0000000712c00000|  0%| F|  |TAMS 0x0000000712a00000, 0x0000000712a00000| Untracked 
| 105|0x0000000712c00000, 0x0000000712c00000, 0x0000000712e00000|  0%| F|  |TAMS 0x0000000712c00000, 0x0000000712c00000| Untracked 
| 106|0x0000000712e00000, 0x0000000712e00000, 0x0000000713000000|  0%| F|  |TAMS 0x0000000712e00000, 0x0000000712e00000| Untracked 
| 107|0x0000000713000000, 0x0000000713000000, 0x0000000713200000|  0%| F|  |TAMS 0x0000000713000000, 0x0000000713000000| Untracked 
| 108|0x0000000713200000, 0x0000000713200000, 0x0000000713400000|  0%| F|  |TAMS 0x0000000713200000, 0x0000000713200000| Untracked 
| 109|0x0000000713400000, 0x0000000713400000, 0x0000000713600000|  0%| F|  |TAMS 0x0000000713400000, 0x0000000713400000| Untracked 
| 110|0x0000000713600000, 0x0000000713600000, 0x0000000713800000|  0%| F|  |TAMS 0x0000000713600000, 0x0000000713600000| Untracked 
| 111|0x0000000713800000, 0x0000000713800000, 0x0000000713a00000|  0%| F|  |TAMS 0x0000000713800000, 0x0000000713800000| Untracked 
| 112|0x0000000713a00000, 0x0000000713a00000, 0x0000000713c00000|  0%| F|  |TAMS 0x0000000713a00000, 0x0000000713a00000| Untracked 
| 113|0x0000000713c00000, 0x0000000713c00000, 0x0000000713e00000|  0%| F|  |TAMS 0x0000000713c00000, 0x0000000713c00000| Untracked 
| 114|0x0000000713e00000, 0x0000000713e00000, 0x0000000714000000|  0%| F|  |TAMS 0x0000000713e00000, 0x0000000713e00000| Untracked 
| 115|0x0000000714000000, 0x0000000714000000, 0x0000000714200000|  0%| F|  |TAMS 0x0000000714000000, 0x0000000714000000| Untracked 
| 116|0x0000000714200000, 0x0000000714200000, 0x0000000714400000|  0%| F|  |TAMS 0x0000000714200000, 0x0000000714200000| Untracked 
| 117|0x0000000714400000, 0x0000000714400000, 0x0000000714600000|  0%| F|  |TAMS 0x0000000714400000, 0x0000000714400000| Untracked 
| 118|0x0000000714600000, 0x0000000714600000, 0x0000000714800000|  0%| F|  |TAMS 0x0000000714600000, 0x0000000714600000| Untracked 
| 119|0x0000000714800000, 0x0000000714800800, 0x0000000714a00000|  0%| E|  |TAMS 0x0000000714800000, 0x0000000714800000| Complete 
| 120|0x0000000714a00000, 0x0000000714c00000, 0x0000000714c00000|100%| E|CS|TAMS 0x0000000714a00000, 0x0000000714a00000| Complete 
| 121|0x0000000714c00000, 0x0000000714e00000, 0x0000000714e00000|100%| E|CS|TAMS 0x0000000714c00000, 0x0000000714c00000| Complete 
| 122|0x0000000714e00000, 0x0000000715000000, 0x0000000715000000|100%| E|  |TAMS 0x0000000714e00000, 0x0000000714e00000| Complete 
| 123|0x0000000715000000, 0x0000000715200000, 0x0000000715200000|100%| E|CS|TAMS 0x0000000715000000, 0x0000000715000000| Complete 
| 124|0x0000000715200000, 0x0000000715400000, 0x0000000715400000|100%| E|CS|TAMS 0x0000000715200000, 0x0000000715200000| Complete 
| 125|0x0000000715400000, 0x0000000715600000, 0x0000000715600000|100%| E|CS|TAMS 0x0000000715400000, 0x0000000715400000| Complete 

Card table byte_map: [0x0000024998360000,0x0000024998b40000] _byte_map_base: 0x0000024994b33000

Marking Bits (Prev, Next): (CMBitMap*) 0x00000249ffc9afe0, (CMBitMap*) 0x00000249ffc9b020
 Prev Bits: [0x0000024999320000, 0x000002499d1b8000)
 Next Bits: [0x000002499d1c0000, 0x00000249a1058000)

Polling page: 0x00000249ffce0000

Metaspace:

Usage:
  Non-class:      3.75 MB used.
      Class:    308.87 KB used.
       Both:      4.05 MB used.

Virtual space:
  Non-class space:       64.00 MB reserved,       3.88 MB (  6%) committed,  1 nodes.
      Class space:        1.00 GB reserved,     384.00 KB ( <1%) committed,  1 nodes.
             Both:        1.06 GB reserved,       4.25 MB ( <1%) committed. 

Chunk freelists:
   Non-Class:  2.47 MB
       Class:  3.59 MB
        Both:  6.06 MB

MaxMetaspaceSize: unlimited
CompressedClassSpaceSize: 1.00 GB
Initial GC threshold: 21.00 MB
Current GC threshold: 21.00 MB
CDS: on
MetaspaceReclaimPolicy: balanced
 - commit_granule_bytes: 65536.
 - commit_granule_words: 8192.
 - virtual_space_node_default_size: 8388608.
 - enlarge_chunks_in_place: 1.
 - new_chunks_are_fully_committed: 0.
 - uncommit_free_chunks: 1.
 - use_allocation_guard: 0.


Internal statistics:

num_allocs_failed_limit: 0.
num_arena_births: 118.
num_arena_deaths: 0.
num_vsnodes_births: 2.
num_vsnodes_deaths: 0.
num_space_committed: 66.
num_space_uncommitted: 0.
num_chunks_returned_to_freelist: 0.
num_chunks_taken_from_freelist: 180.
num_chunk_merges: 0.
num_chunk_splits: 123.
num_chunks_enlarged: 92.
num_inconsistent_stats: 0.

CodeHeap 'non-profiled nmethods': size=119168Kb used=269Kb max_used=269Kb free=118898Kb
 bounds [0x000002498fa30000, 0x000002498fca0000, 0x0000024996e90000]
CodeHeap 'profiled nmethods': size=119104Kb used=1575Kb max_used=1575Kb free=117528Kb
 bounds [0x0000024987e90000, 0x0000024988100000, 0x000002498f2e0000]
CodeHeap 'non-nmethods': size=7488Kb used=1410Kb max_used=3105Kb free=6077Kb
 bounds [0x000002498f2e0000, 0x000002498f5f0000, 0x000002498fa30000]
 total_blobs=1524 nmethods=958 adapters=477
 compilation: enabled
              stopped_count=0, restarted_count=0
 full_count=0

Compilation events (20 events):
Event: 102.758 Thread 0x00000249a842b570  944       3       jdk.internal.org.objectweb.asm.Handler::getExceptionTableSize (10 bytes)
Event: 102.758 Thread 0x00000249a842b570 nmethod 944 0x0000024988015410 code [0x00000249880155c0, 0x00000249880157d8]
Event: 102.758 Thread 0x00000249a842b570  949       3       jdk.internal.org.objectweb.asm.AnnotationWriter::putAnnotations (67 bytes)
Event: 102.759 Thread 0x00000249a842b570 nmethod 949 0x0000024988015910 code [0x0000024988015b40, 0x0000024988015f78]
Event: 102.759 Thread 0x00000249a842b570  948       3       jdk.internal.org.objectweb.asm.Label::<init> (5 bytes)
Event: 102.759 Thread 0x00000249a842b570 nmethod 948 0x0000024988016210 code [0x00000249880163c0, 0x0000024988016518]
Event: 102.759 Thread 0x00000249a842b570  952       3       java.lang.invoke.MemberName::isMethod (8 bytes)
Event: 102.760 Thread 0x00000249a842b570 nmethod 952 0x0000024988016610 code [0x00000249880167c0, 0x00000249880169f8]
Event: 102.760 Thread 0x00000249a842b570  943       1       jdk.internal.org.objectweb.asm.MethodWriter::hasAsmInstructions (5 bytes)
Event: 102.760 Thread 0x00000249a842b570 nmethod 943 0x000002498fa72b90 code [0x000002498fa72d20, 0x000002498fa72df8]
Event: 102.760 Thread 0x00000249a842b570  953       3       jdk.internal.org.objectweb.asm.MethodWriter::visitMethodInsn (191 bytes)
Event: 102.761 Thread 0x00000249a842b570 nmethod 953 0x0000024988016b10 code [0x0000024988016d40, 0x0000024988017508]
Event: 102.761 Thread 0x00000249a842b570  954       3       jdk.internal.org.objectweb.asm.SymbolTable::addConstantMethodref (24 bytes)
Event: 102.762 Thread 0x00000249a842b570 nmethod 954 0x0000024988017890 code [0x0000024988017a40, 0x0000024988017c08]
Event: 102.762 Thread 0x00000249a842b570  955       3       jdk.internal.org.objectweb.asm.MethodWriter::visitTypeInsn (116 bytes)
Event: 102.763 Thread 0x00000249a842b570 nmethod 955 0x0000024988017d10 code [0x0000024988017f00, 0x0000024988018348]
Event: 102.763 Thread 0x00000249a842b570  959       3       java.lang.String::startsWith (138 bytes)
Event: 102.764 Thread 0x00000249a842b570 nmethod 959 0x0000024988018590 code [0x00000249880187c0, 0x0000024988019078]
Event: 102.764 Thread 0x00000249a842b570  956       3       jdk.internal.org.objectweb.asm.Type::getDescriptor (93 bytes)
Event: 102.765 Thread 0x00000249a842b570 nmethod 956 0x0000024988019390 code [0x00000249880195e0, 0x0000024988019cd8]

GC Heap History (0 events):
No events

Dll operation events (9 events):
Event: 0.010 Loaded shared library C:\Users\ardah\.jdks\openjdk-19.0.2\bin\java.dll
Event: 0.030 Loaded shared library C:\Users\ardah\.jdks\openjdk-19.0.2\bin\jsvml.dll
Event: 0.091 Loaded shared library C:\Users\ardah\.jdks\openjdk-19.0.2\bin\net.dll
Event: 0.093 Loaded shared library C:\Users\ardah\.jdks\openjdk-19.0.2\bin\nio.dll
Event: 0.099 Loaded shared library C:\Users\ardah\.jdks\openjdk-19.0.2\bin\zip.dll
Event: 0.118 Loaded shared library C:\Users\ardah\.jdks\openjdk-19.0.2\bin\verify.dll
Event: 0.240 Loaded shared library C:\Users\ardah\IdeaProjects\21070006054 - HW1\LectureProject\natives\lwjgl64.dll
Event: 0.282 Loaded shared library C:\Users\ardah\.jdks\openjdk-19.0.2\bin\jimage.dll
Event: 0.783 Loaded shared library C:\Users\ardah\.jdks\openjdk-19.0.2\bin\awt.dll

Deoptimization events (20 events):
Event: 0.493 Thread 0x00000249fe20dfc0 DEOPT PACKING pc=0x000002498fa3e7e4 sp=0x000000a56ebfec40
Event: 0.493 Thread 0x00000249fe20dfc0 DEOPT UNPACKING pc=0x000002498f34a5a3 sp=0x000000a56ebfebe8 mode 2
Event: 0.493 Thread 0x00000249fe20dfc0 Uncommon trap: trap_request=0xffffff45 fr.pc=0x000002498fa3e36c relative=0x00000000000000cc
Event: 0.493 Thread 0x00000249fe20dfc0 Uncommon trap: reason=unstable_if action=reinterpret pc=0x000002498fa3e36c method=java.util.concurrent.locks.ReentrantLock$Sync.tryRelease(I)Z @ 26 c2
Event: 0.493 Thread 0x00000249fe20dfc0 DEOPT PACKING pc=0x000002498fa3e36c sp=0x000000a56ebfec30
Event: 0.493 Thread 0x00000249fe20dfc0 DEOPT UNPACKING pc=0x000002498f34a5a3 sp=0x000000a56ebfebe0 mode 2
Event: 0.586 Thread 0x00000249fe20dfc0 DEOPT PACKING pc=0x0000024987ea97ea sp=0x000000a56ebfd1a0
Event: 0.587 Thread 0x00000249fe20dfc0 DEOPT UNPACKING pc=0x000002498f34b0e3 sp=0x000000a56ebfc5c0 mode 0
Event: 0.685 Thread 0x00000249fe20dfc0 DEOPT PACKING pc=0x0000024987ea6e55 sp=0x000000a56ebfdd50
Event: 0.685 Thread 0x00000249fe20dfc0 DEOPT UNPACKING pc=0x000002498f34b0e3 sp=0x000000a56ebfd1c8 mode 0
Event: 0.826 Thread 0x00000249fe20dfc0 DEOPT PACKING pc=0x0000024987f94af1 sp=0x000000a56ebfe440
Event: 0.826 Thread 0x00000249fe20dfc0 DEOPT UNPACKING pc=0x000002498f34b0e3 sp=0x000000a56ebfd898 mode 1
Event: 0.826 Thread 0x00000249fe20dfc0 DEOPT PACKING pc=0x0000024987f8905c sp=0x000000a56ebfe4d0
Event: 0.826 Thread 0x00000249fe20dfc0 DEOPT UNPACKING pc=0x000002498f34b0e3 sp=0x000000a56ebfd978 mode 1
Event: 0.863 Thread 0x00000249fe20dfc0 Uncommon trap: trap_request=0xffffff45 fr.pc=0x000002498fa59208 relative=0x0000000000000268
Event: 0.863 Thread 0x00000249fe20dfc0 Uncommon trap: reason=unstable_if action=reinterpret pc=0x000002498fa59208 method=java.lang.String.startsWith(Ljava/lang/String;I)Z @ 1 c2
Event: 0.863 Thread 0x00000249fe20dfc0 DEOPT PACKING pc=0x000002498fa59208 sp=0x000000a56ebfd5c0
Event: 0.863 Thread 0x00000249fe20dfc0 DEOPT UNPACKING pc=0x000002498f34a5a3 sp=0x000000a56ebfd538 mode 2
Event: 1.020 Thread 0x00000249fe20dfc0 DEOPT PACKING pc=0x0000024987eb7c57 sp=0x000000a56ebfdc30
Event: 1.020 Thread 0x00000249fe20dfc0 DEOPT UNPACKING pc=0x000002498f34b0e3 sp=0x000000a56ebfd0b0 mode 0

Classes loaded (20 events):
Event: 1.009 Loading class java/nio/file/DirectoryStream$Filter done
Event: 1.009 Loading class java/nio/file/Files$AcceptAllFilter done
Event: 1.011 Loading class sun/nio/fs/WindowsDirectoryStream
Event: 1.011 Loading class java/nio/file/DirectoryStream
Event: 1.011 Loading class java/nio/file/DirectoryStream done
Event: 1.011 Loading class sun/nio/fs/WindowsDirectoryStream done
Event: 1.012 Loading class sun/nio/fs/WindowsDirectoryStream$WindowsDirectoryIterator
Event: 1.012 Loading class sun/nio/fs/WindowsDirectoryStream$WindowsDirectoryIterator done
Event: 1.014 Loading class sun/nio/fs/WindowsPath$WindowsPathWithAttributes
Event: 1.014 Loading class sun/nio/fs/BasicFileAttributesHolder
Event: 1.014 Loading class sun/nio/fs/BasicFileAttributesHolder done
Event: 1.014 Loading class sun/nio/fs/WindowsPath$WindowsPathWithAttributes done
Event: 1.035 Loading class sun/security/provider/AbstractDrbg$NonceProvider
Event: 1.035 Loading class sun/security/provider/AbstractDrbg$NonceProvider done
Event: 1.037 Loading class sun/security/provider/SHA2$SHA256
Event: 1.037 Loading class sun/security/provider/SHA2
Event: 1.037 Loading class sun/security/provider/SHA2 done
Event: 1.037 Loading class sun/security/provider/SHA2$SHA256 done
Event: 102.800 Loading class jdk/internal/misc/Signal$1
Event: 102.801 Loading class jdk/internal/misc/Signal$1 done

Classes unloaded (0 events):
No events

Classes redefined (0 events):
No events

Internal exceptions (8 events):
Event: 0.436 Thread 0x00000249fe20dfc0 Exception <a 'java/lang/NoSuchMethodError'{0x0000000715112768}: 'java.lang.Object java.lang.invoke.DirectMethodHandle$Holder.invokeStaticInit(java.lang.Object, int)'> (0x0000000715112768) 
thrown [s\open\src\hotspot\share\interpreter\linkResolver.cpp, line 774]
Event: 0.613 Thread 0x00000249fe20dfc0 Exception <a 'java/lang/NoSuchMethodError'{0x00000007151ee950}: 'int java.lang.invoke.Invokers$Holder.invokeExact_MT(java.lang.Object, java.lang.Object)'> (0x00000007151ee950) 
thrown [s\open\src\hotspot\share\interpreter\linkResolver.cpp, line 774]
Event: 0.827 Thread 0x00000249fe20dfc0 Exception <a 'java/lang/NoClassDefFoundError'{0x0000000714ca3090}: net/java/games/input/ControllerEnvironment> (0x0000000714ca3090) 
thrown [s\open\src\hotspot\share\classfile\systemDictionary.cpp, line 244]
Event: 0.831 Thread 0x00000249fe20dfc0 Exception <a 'java/lang/NoSuchMethodError'{0x0000000714ca6b28}: 'void java.lang.invoke.DirectMethodHandle$Holder.invokeSpecial(java.lang.Object, java.lang.Object, java.lang.Object, java.lang.Object, java.lang.Object)'> (0x0000000714ca6b28) 
thrown [s\open\src\hotspot\share\interpreter\linkResolver.cpp, line 774]
Event: 0.896 Thread 0x00000249fe20dfc0 Exception <a 'java/lang/NoSuchMethodError'{0x0000000714d73cf8}: 'java.lang.Object java.lang.invoke.DirectMethodHandle$Holder.invokeStaticInit(java.lang.Object, int, int, int, int)'> (0x0000000714d73cf8) 
thrown [s\open\src\hotspot\share\interpreter\linkResolver.cpp, line 774]
Event: 1.030 Thread 0x00000249fe20dfc0 Exception <a 'java/lang/NoSuchMethodError'{0x0000000714a35998}: 'java.lang.Object java.lang.invoke.DirectMethodHandle$Holder.invokeStaticInit(java.lang.Object, java.lang.Object, int, int, int, int)'> (0x0000000714a35998) 
thrown [s\open\src\hotspot\share\interpreter\linkResolver.cpp, line 774]
Event: 102.741 Thread 0x00000249fe20dfc0 Exception <a 'java/lang/NoSuchMethodError'{0x0000000714ad61f8}: 'java.lang.Object java.lang.invoke.DirectMethodHandle$Holder.invokeStaticInit(java.lang.Object, java.lang.Object, java.lang.Object)'> (0x0000000714ad61f8) 
thrown [s\open\src\hotspot\share\interpreter\linkResolver.cpp, line 774]
Event: 102.744 Thread 0x00000249fe20dfc0 Exception <a 'java/lang/NoSuchMethodError'{0x0000000714adcd00}: 'void java.lang.invoke.DirectMethodHandle$Holder.invokeStatic(java.lang.Object, java.lang.Object)'> (0x0000000714adcd00) 
thrown [s\open\src\hotspot\share\interpreter\linkResolver.cpp, line 774]

VM Operations (20 events):
Event: 43.613 Executing VM operation: get/set locals done
Event: 45.057 Executing VM operation: get/set locals
Event: 45.058 Executing VM operation: get/set locals done
Event: 45.059 Executing VM operation: get/set locals
Event: 45.059 Executing VM operation: get/set locals done
Event: 45.059 Executing VM operation: get/set locals
Event: 45.059 Executing VM operation: get/set locals done
Event: 73.167 Executing VM operation: get/set locals
Event: 73.167 Executing VM operation: get/set locals done
Event: 73.228 Executing VM operation: get/set locals
Event: 73.228 Executing VM operation: get/set locals done
Event: 73.228 Executing VM operation: get/set locals
Event: 73.228 Executing VM operation: get/set locals done
Event: 102.739 Executing VM operation: ChangeBreakpoints
Event: 102.739 Executing VM operation: ChangeBreakpoints done
Event: 102.740 Executing VM operation: ChangeBreakpoints
Event: 102.740 Executing VM operation: ChangeBreakpoints done
Event: 102.740 Executing VM operation: ChangeBreakpoints
Event: 102.740 Executing VM operation: ChangeBreakpoints done
Event: 102.820 Executing VM operation: Exit

Events (20 events):
Event: 0.062 Thread 0x00000249a34fddd0 Thread added: 0x00000249a34fddd0
Event: 0.064 Thread 0x00000249a8533a20 Thread added: 0x00000249a8533a20
Event: 0.065 Thread 0x00000249a855feb0 Thread added: 0x00000249a855feb0
Event: 0.068 Thread 0x00000249a8565a40 Thread added: 0x00000249a8565a40
Event: 0.068 Thread 0x00000249a8577160 Thread added: 0x00000249a8577160
Event: 0.069 Thread 0x00000249a85778c0 Thread added: 0x00000249a85778c0
Event: 0.078 Thread 0x00000249a858c320 Thread added: 0x00000249a858c320
Event: 0.084 Thread 0x00000249a8595660 Thread added: 0x00000249a8595660
Event: 0.459 Thread 0x00000249a87e72e0 Thread added: 0x00000249a87e72e0
Event: 0.583 Thread 0x00000249a87e72e0 Thread exited: 0x00000249a87e72e0
Event: 0.728 Thread 0x00000249a9754720 Thread added: 0x00000249a9754720
Event: 6.038 Thread 0x00000249a855feb0 Thread exited: 0x00000249a855feb0
Event: 6.038 Thread 0x00000249a8533a20 Thread exited: 0x00000249a8533a20
Event: 6.038 Thread 0x00000249a9754720 Thread exited: 0x00000249a9754720
Event: 11.047 Thread 0x00000249a34fddd0 Thread exited: 0x00000249a34fddd0
Event: 102.739 Thread 0x00000249a85778c0 Thread exited: 0x00000249a85778c0
Event: 102.742 Thread 0x00000249a8565a40 Thread exited: 0x00000249a8565a40
Event: 102.807 Thread 0x00000249a99a47c0 Thread added: 0x00000249a99a47c0
Event: 102.810 Thread 0x00000249a85778c0 Thread added: 0x00000249a85778c0
Event: 102.819 Thread 0x00000249a85778c0 Thread exited: 0x00000249a85778c0


Dynamic libraries:
0x00007ff672630000 - 0x00007ff67263e000 	C:\Users\ardah\.jdks\openjdk-19.0.2\bin\java.exe
0x00007ff8bd990000 - 0x00007ff8bdba7000 	C:\WINDOWS\SYSTEM32\ntdll.dll
0x00007ff852420000 - 0x00007ff85243a000 	C:\Program Files\AVG\Antivirus\aswhook.dll
0x00007ff8bb800000 - 0x00007ff8bb8c4000 	C:\WINDOWS\System32\KERNEL32.DLL
0x00007ff8baf70000 - 0x00007ff8bb31d000 	C:\WINDOWS\System32\KERNELBASE.dll
0x00007ff8bb5a0000 - 0x00007ff8bb6b1000 	C:\WINDOWS\System32\ucrtbase.dll
0x00007ff88e820000 - 0x00007ff88e83b000 	C:\Users\ardah\.jdks\openjdk-19.0.2\bin\VCRUNTIME140.dll
0x00007ff884890000 - 0x00007ff8848a7000 	C:\Users\ardah\.jdks\openjdk-19.0.2\bin\jli.dll
0x00007ff8bceb0000 - 0x00007ff8bd05e000 	C:\WINDOWS\System32\USER32.dll
0x00007ff89cec0000 - 0x00007ff89d153000 	C:\WINDOWS\WinSxS\amd64_microsoft.windows.common-controls_6595b64144ccf1df_6.0.22621.3672_none_2713b9d173822955\COMCTL32.dll
0x00007ff8baea0000 - 0x00007ff8baec6000 	C:\WINDOWS\System32\win32u.dll
0x00007ff8bb6c0000 - 0x00007ff8bb767000 	C:\WINDOWS\System32\msvcrt.dll
0x00007ff8bcb50000 - 0x00007ff8bcb79000 	C:\WINDOWS\System32\GDI32.dll
0x00007ff8bb480000 - 0x00007ff8bb599000 	C:\WINDOWS\System32\gdi32full.dll
0x00007ff8bb320000 - 0x00007ff8bb3ba000 	C:\WINDOWS\System32\msvcp_win.dll
0x00007ff8bc950000 - 0x00007ff8bc981000 	C:\WINDOWS\System32\IMM32.DLL
0x00007ff892500000 - 0x00007ff89250c000 	C:\Users\ardah\.jdks\openjdk-19.0.2\bin\vcruntime140_1.dll
0x00007ff85f7d0000 - 0x00007ff85f85e000 	C:\Users\ardah\.jdks\openjdk-19.0.2\bin\msvcp140.dll
0x00007ff821c50000 - 0x00007ff822910000 	C:\Users\ardah\.jdks\openjdk-19.0.2\bin\server\jvm.dll
0x00007ff8bc990000 - 0x00007ff8bca42000 	C:\WINDOWS\System32\ADVAPI32.dll
0x00007ff8bcc00000 - 0x00007ff8bcca9000 	C:\WINDOWS\System32\sechost.dll
0x00007ff8baf40000 - 0x00007ff8baf68000 	C:\WINDOWS\System32\bcrypt.dll
0x00007ff8bd060000 - 0x00007ff8bd174000 	C:\WINDOWS\System32\RPCRT4.dll
0x00007ff89c5a0000 - 0x00007ff89c5a9000 	C:\WINDOWS\SYSTEM32\WSOCK32.dll
0x00007ff8bd4b0000 - 0x00007ff8bd521000 	C:\WINDOWS\System32\WS2_32.dll
0x00007ff8afe50000 - 0x00007ff8afe5a000 	C:\WINDOWS\SYSTEM32\VERSION.dll
0x00007ff8b2820000 - 0x00007ff8b2854000 	C:\WINDOWS\SYSTEM32\WINMM.dll
0x00007ff8b9df0000 - 0x00007ff8b9e08000 	C:\WINDOWS\SYSTEM32\kernel.appcore.dll
0x00007ff890ff0000 - 0x00007ff890ffa000 	C:\Users\ardah\.jdks\openjdk-19.0.2\bin\jimage.dll
0x00007ff8b81b0000 - 0x00007ff8b83e2000 	C:\WINDOWS\SYSTEM32\DBGHELP.DLL
0x00007ff8bc140000 - 0x00007ff8bc4ce000 	C:\WINDOWS\System32\combase.dll
0x00007ff8bcdd0000 - 0x00007ff8bcea7000 	C:\WINDOWS\System32\OLEAUT32.dll
0x00007ff8af310000 - 0x00007ff8af342000 	C:\WINDOWS\SYSTEM32\dbgcore.DLL
0x00007ff8bae20000 - 0x00007ff8bae9b000 	C:\WINDOWS\System32\bcryptPrimitives.dll
0x00007ff865fd0000 - 0x00007ff86600c000 	C:\Users\ardah\.jdks\openjdk-19.0.2\bin\jdwp.dll
0x00007ff878940000 - 0x00007ff878966000 	C:\Users\ardah\.jdks\openjdk-19.0.2\bin\java.dll
0x00007ff84ed60000 - 0x00007ff84ee37000 	C:\Users\ardah\.jdks\openjdk-19.0.2\bin\jsvml.dll
0x00007ff8bb8d0000 - 0x00007ff8bc137000 	C:\WINDOWS\System32\SHELL32.dll
0x00007ff8b8c40000 - 0x00007ff8b953f000 	C:\WINDOWS\SYSTEM32\windows.storage.dll
0x00007ff8b8b00000 - 0x00007ff8b8c3f000 	C:\WINDOWS\SYSTEM32\wintypes.dll
0x00007ff8bd620000 - 0x00007ff8bd719000 	C:\WINDOWS\System32\SHCORE.dll
0x00007ff8bcb80000 - 0x00007ff8bcbde000 	C:\WINDOWS\System32\shlwapi.dll
0x00007ff8babe0000 - 0x00007ff8bac07000 	C:\WINDOWS\SYSTEM32\profapi.dll
0x00007ff88e220000 - 0x00007ff88e22c000 	C:\Users\ardah\.jdks\openjdk-19.0.2\bin\dt_socket.dll
0x00007ff8b9810000 - 0x00007ff8b983d000 	C:\WINDOWS\SYSTEM32\IPHLPAPI.DLL
0x00007ff8ba260000 - 0x00007ff8ba2c9000 	C:\WINDOWS\system32\mswsock.dll
0x00007ff8787d0000 - 0x00007ff8787e3000 	C:\Users\ardah\.jdks\openjdk-19.0.2\bin\net.dll
0x00007ff8b3ad0000 - 0x00007ff8b3c06000 	C:\WINDOWS\SYSTEM32\WINHTTP.dll
0x00007ff877470000 - 0x00007ff877486000 	C:\Users\ardah\.jdks\openjdk-19.0.2\bin\nio.dll
0x00007ff877100000 - 0x00007ff877118000 	C:\Users\ardah\.jdks\openjdk-19.0.2\bin\zip.dll
0x00007ff88dd40000 - 0x00007ff88dd50000 	C:\Users\ardah\.jdks\openjdk-19.0.2\bin\verify.dll
0x0000000180000000 - 0x0000000180053000 	C:\Users\ardah\IdeaProjects\21070006054 - HW1\LectureProject\natives\lwjgl64.dll
0x00007ff8b5af0000 - 0x00007ff8b5bf0000 	C:\WINDOWS\SYSTEM32\OPENGL32.dll
0x00007ff8b73c0000 - 0x00007ff8b73ed000 	C:\WINDOWS\SYSTEM32\GLU32.dll
0x00007ff8b7db0000 - 0x00007ff8b7de7000 	C:\WINDOWS\SYSTEM32\dxcore.dll
0x00007ff8b37b0000 - 0x00007ff8b386d000 	C:\WINDOWS\SYSTEM32\mscms.dll
0x00007ff8bccd0000 - 0x00007ff8bcd80000 	C:\WINDOWS\System32\clbcatq.dll
0x00007ff8a3d50000 - 0x00007ff8a3d9e000 	C:\Windows\System32\Windows.Internal.Graphics.Display.DisplayColorManagement.dll
0x00007ff8ba980000 - 0x00007ff8ba9ce000 	C:\WINDOWS\SYSTEM32\cfgmgr32.dll
0x00007ff8b42a0000 - 0x00007ff8b4351000 	C:\WINDOWS\system32\uxtheme.dll
0x00007ff8bd180000 - 0x00007ff8bd2de000 	C:\WINDOWS\System32\MSCTF.dll
0x00007ff8afed0000 - 0x00007ff8aff19000 	C:\WINDOWS\SYSTEM32\directxdatabasehelper.dll
0x00007ff8afae0000 - 0x00007ff8afc22000 	C:\Windows\System32\AppXDeploymentClient.dll
0x00007ff819830000 - 0x00007ff81a836000 	C:\WINDOWS\System32\DriverStore\FileRepository\iigd_dch.inf_amd64_7302a2f77d5fc1df\igxelpicd64.dll
0x00007ff8bd300000 - 0x00007ff8bd4a5000 	C:\WINDOWS\System32\ole32.dll
0x00007ff8b4570000 - 0x00007ff8b459b000 	C:\WINDOWS\system32\dwmapi.dll
0x00007ff8b4420000 - 0x00007ff8b4517000 	C:\WINDOWS\system32\dxgi.dll
0x00007ff82a2f0000 - 0x00007ff82aa43000 	C:\WINDOWS\System32\DriverStore\FileRepository\iigd_dch.inf_amd64_7302a2f77d5fc1df\igdml64.dll
0x00007ff8b4f40000 - 0x00007ff8b5301000 	C:\WINDOWS\System32\DriverStore\FileRepository\iigd_dch.inf_amd64_7302a2f77d5fc1df\igdgmm64.dll
0x00007ff89d3e0000 - 0x00007ff89d523000 	C:\WINDOWS\SYSTEM32\textinputframework.dll
0x00007ff8b2200000 - 0x00007ff8b2333000 	C:\WINDOWS\SYSTEM32\CoreMessaging.dll
0x00007ff8a5520000 - 0x00007ff8a588d000 	C:\WINDOWS\SYSTEM32\CoreUIComponents.dll
0x00007ff8ba4b0000 - 0x00007ff8ba4bc000 	C:\WINDOWS\SYSTEM32\CRYPTBASE.DLL
0x00007ff8625f0000 - 0x00007ff86263a000 	C:\WINDOWS\SYSTEM32\icm32.dll
0x00007fffb68d0000 - 0x00007fffb9b30000 	C:\WINDOWS\System32\DriverStore\FileRepository\iigd_dch.inf_amd64_7302a2f77d5fc1df\igc64.dll
0x00007ff8b9b60000 - 0x00007ff8b9bad000 	C:\WINDOWS\SYSTEM32\powrprof.dll
0x00007ff8b9b40000 - 0x00007ff8b9b53000 	C:\WINDOWS\SYSTEM32\UMPDC.dll
0x00007ff8364e0000 - 0x00007ff836670000 	C:\Users\ardah\.jdks\openjdk-19.0.2\bin\awt.dll
0x00007ff8b26b0000 - 0x00007ff8b2747000 	C:\WINDOWS\SYSTEM32\apphelp.dll
0x00007ff8ba4c0000 - 0x00007ff8ba4db000 	C:\WINDOWS\SYSTEM32\CRYPTSP.dll
0x00007ff8b9d50000 - 0x00007ff8b9d85000 	C:\WINDOWS\system32\rsaenh.dll
0x00007ff8ba350000 - 0x00007ff8ba378000 	C:\WINDOWS\SYSTEM32\USERENV.dll
0x00007ff8bcbe0000 - 0x00007ff8bcbe9000 	C:\WINDOWS\System32\NSI.dll
0x00007ff8b3610000 - 0x00007ff8b3629000 	C:\WINDOWS\SYSTEM32\dhcpcsvc6.DLL
0x00007ff8b3570000 - 0x00007ff8b358f000 	C:\WINDOWS\SYSTEM32\dhcpcsvc.DLL
0x00007ff8b9840000 - 0x00007ff8b9938000 	C:\WINDOWS\SYSTEM32\DNSAPI.dll

dbghelp: loaded successfully - version: 4.0.5 - missing functions: none
symbol engine: initialized successfully - sym options: 0x614 - pdb path: .;C:\Users\ardah\.jdks\openjdk-19.0.2\bin;C:\WINDOWS\SYSTEM32;C:\Program Files\AVG\Antivirus;C:\WINDOWS\WinSxS\amd64_microsoft.windows.common-controls_6595b64144ccf1df_6.0.22621.3672_none_2713b9d173822955;C:\Users\ardah\.jdks\openjdk-19.0.2\bin\server;C:\Users\ardah\IdeaProjects\21070006054 - HW1\LectureProject\natives;C:\WINDOWS\System32\DriverStore\FileRepository\iigd_dch.inf_amd64_7302a2f77d5fc1df

VM Arguments:
jvm_args: -agentlib:jdwp=transport=dt_socket,address=127.0.0.1:9917,suspend=y,server=n -Djava.library.path=C:\Users\ardah\IdeaProjects\21070006054 - HW1\LectureProject\natives -Dfile.encoding=UTF-8 
java_command: chapter2.taggame.TagGame
java_class_path (initial): C:\Users\ardah\IdeaProjects\21070006054 - HW1\target\classes;C:\Users\ardah\IdeaProjects\21070006054 - HW1\LectureProject\lib\geom2D\javaGeom-0.11.1.jar;C:\Users\ardah\IdeaProjects\21070006054 - HW1\LectureProject\lib\slick2D\lwjgl.jar;C:\Users\ardah\IdeaProjects\21070006054 - HW1\LectureProject\lib\slick2D\lwjgl_util_applet.jar;C:\Users\ardah\IdeaProjects\21070006054 - HW1\LectureProject\lib\slick2D\natives-linux.jar;C:\Users\ardah\IdeaProjects\21070006054 - HW1\LectureProject\lib\slick2D\lwjgl_util.jar;C:\Users\ardah\IdeaProjects\21070006054 - HW1\LectureProject\lib\slick2D\natives-windows.jar;C:\Users\ardah\IdeaProjects\21070006054 - HW1\LectureProject\lib\slick2D\natives-mac.jar;C:\Users\ardah\IdeaProjects\21070006054 - HW1\LectureProject\lib\slick2D\slick.jar;C:\Users\ardah\IdeaProjects\21070006054 - HW1\LectureProject\lib\slick2D\slick-examples.jar;C:\Users\ardah\IdeaProjects\21070006054 - HW1\LectureProject\natives\Pack200Task.jar;C:\Program Files\JetBrains\IntelliJ IDEA Community Edition 2021.3.2\lib\idea_rt.jar
Launcher Type: SUN_STANDARD

[Global flags]
     intx CICompilerCount                          = 12                                        {product} {ergonomic}
     uint ConcGCThreads                            = 3                                         {product} {ergonomic}
     uint G1ConcRefinementThreads                  = 13                                        {product} {ergonomic}
   size_t G1HeapRegionSize                         = 2097152                                   {product} {ergonomic}
    uintx GCDrainStackTargetSize                   = 64                                        {product} {ergonomic}
   size_t InitialHeapSize                          = 264241152                                 {product} {ergonomic}
   size_t MarkStackSize                            = 4194304                                   {product} {ergonomic}
   size_t MaxHeapSize                              = 4200595456                                {product} {ergonomic}
   size_t MaxNewSize                               = 2518679552                                {product} {ergonomic}
   size_t MinHeapDeltaBytes                        = 2097152                                   {product} {ergonomic}
   size_t MinHeapSize                              = 8388608                                   {product} {ergonomic}
    uintx NonNMethodCodeHeapSize                   = 7602480                                {pd product} {ergonomic}
    uintx NonProfiledCodeHeapSize                  = 122027880                              {pd product} {ergonomic}
    uintx ProfiledCodeHeapSize                     = 122027880                              {pd product} {ergonomic}
    uintx ReservedCodeCacheSize                    = 251658240                              {pd product} {ergonomic}
     bool SegmentedCodeCache                       = true                                      {product} {ergonomic}
   size_t SoftMaxHeapSize                          = 4200595456                             {manageable} {ergonomic}
     bool UseCompressedClassPointers               = true                           {product lp64_product} {ergonomic}
     bool UseCompressedOops                        = true                           {product lp64_product} {ergonomic}
     bool UseG1GC                                  = true                                      {product} {ergonomic}
     bool UseLargePagesIndividualAllocation        = false                                  {pd product} {ergonomic}

Logging:
Log output configuration:
 #0: stdout all=off uptime,level,tags foldmultilines=false
 #1: stderr all=off uptime,level,tags foldmultilines=false

Environment Variables:
JAVA_HOME=C:\progra~1\Eclipse Adoptium\jdk-11.0.17.8-hotspot
PATH=%JAVA_HOME%\bin;C:\Program Files\Eclipse Adoptium\jdk-11.0.17.8-hotspot\bin;C:\windows\system32;C:\windows;C:\windows\System32\Wbem;C:\windows\System32\WindowsPowerShell\v1.0\;C:\windows\System32\OpenSSH\;C:\Program Files (x86)\NVIDIA Corporation\PhysX\Common;C:\Program Files\NVIDIA Corporation\NVIDIA NvDLISR;C:\Program Files\Git\cmd;C:\ProgramData\chocolatey\bin;C:\Users\ardah\AppData\Roaming\nvm;C:\Program Files\nodejs;C:\Program Files\nodejs\;C:\Program Files\HP\HP One Agent;C:\Program Files\Fortect;C:\WINDOWS\system32;C:\WINDOWS;C:\WINDOWS\System32\Wbem;C:\WINDOWS\System32\WindowsPowerShell\v1.0\;C:\WINDOWS\System32\OpenSSH\;C:\Users\ardah\AppData\Local\Programs\Python\Python310\Scripts\;C:\Users\ardah\AppData\Local\Programs\Python\Python310\;C:\Program Files\MySQL\MySQL Shell 8.0\bin\;C:\Users\ardah\AppData\Local\Microsoft\WindowsApps;C:\Users\ardah\AppData\Local\Programs\Microsoft VS Code\bin;C:\MinGW\bin;C:\Users\ardah\AppData\Roaming\nvm;C:\Program Files\nodejs;C:\Users\ardah\AppData\Local\Android\Sdk\platform-tools;C:\Users\ardah\AppData\Roaming\npm;C:\Users\ardah\AppData\Local\GitHubDesktop\bin;C:\Program Files (x86)\Nmap;
USERNAME=ardah
OS=Windows_NT
PROCESSOR_IDENTIFIER=Intel64 Family 6 Model 141 Stepping 1, GenuineIntel
TMP=C:\Users\ardah\AppData\Local\Temp
TEMP=C:\Users\ardah\AppData\Local\Temp



---------------  S Y S T E M  ---------------

OS:
 Windows 11 , 64 bit Build 22621 (10.0.22621.3958)
OS uptime: 3 days 15:16 hours

CPU: total 16 (initial active 16) (8 cores per cpu, 2 threads per core) family 6 model 141 stepping 1 microcode 0x2c, cx8, cmov, fxsr, ht, mmx, 3dnowpref, sse, sse2, sse3, ssse3, sse4.1, sse4.2, popcnt, lzcnt, tsc, tscinvbit, avx, avx2, aes, erms, clmul, bmi1, bmi2, adx, avx512f, avx512dq, avx512cd, avx512bw, avx512vl, sha, fma, vzeroupper, avx512_vpopcntdq, avx512_vpclmulqdq, avx512_vaes, avx512_vnni, clflush, clflushopt, clwb, avx512_vbmi2, avx512_vbmi, rdtscp, rdpid, fsrm, gfni, avx512_bitalg

Memory: 4k page, system-wide physical 16021M (5147M free)
TotalPageFile size 27797M (AvailPageFile size 12246M)
current process WorkingSet (physical memory assigned to process): 136M, peak: 139M
current process commit charge ("private bytes"): 400M, peak: 400M

vm_info: OpenJDK 64-Bit Server VM (19.0.2+7-44) for windows-amd64 JRE (19.0.2+7-44), built on 2022-11-30T18:02:09Z by "mach5one" with MS VC++ 17.1 (VS2022)

END.
