
pr1_a.elf:     file format elf32-littleriscv
pr1_a.elf
architecture: riscv:rv32, flags 0x00000112:
EXEC_P, HAS_SYMS, D_PAGED
start address 0x00000000

Program Header:
    LOAD off    0x00001000 vaddr 0x00000000 paddr 0x00000000 align 2**12
         filesz 0x00000024 memsz 0x00000024 flags r-x
    LOAD off    0x00000000 vaddr 0x00010000 paddr 0x00010000 align 2**12
         filesz 0x00000000 memsz 0x00000004 flags rw-

Sections:
Idx Name              Size      VMA       LMA       File off  Algn  Flags
  0 .text             00000024  00000000  00000000  00001000  2**2  CONTENTS, ALLOC, LOAD, READONLY, CODE
  1 .bss              00000004  00010000  00010000  00002000  2**0  ALLOC
  2 .riscv.attributes 0000001f  00000000  00000000  00001024  2**0  CONTENTS, READONLY
  3 .debug_line       00000067  00000000  00000000  00001043  2**0  CONTENTS, READONLY, DEBUGGING, OCTETS
  4 .debug_info       00000026  00000000  00000000  000010aa  2**0  CONTENTS, READONLY, DEBUGGING, OCTETS
  5 .debug_abbrev     00000014  00000000  00000000  000010d0  2**0  CONTENTS, READONLY, DEBUGGING, OCTETS
  6 .debug_aranges    00000020  00000000  00000000  000010e8  2**3  CONTENTS, READONLY, DEBUGGING, OCTETS
  7 .debug_str        0000006c  00000000  00000000  00001108  2**0  CONTENTS, READONLY, DEBUGGING, OCTETS
SYMBOL TABLE:
00000000 l    d  .text	00000000 .text
00010000 l    d  .bss	00000000 .bss
00000000 l    d  .riscv.attributes	00000000 .riscv.attributes
00000000 l    d  .debug_line	00000000 .debug_line
00000000 l    d  .debug_info	00000000 .debug_info
00000000 l    d  .debug_abbrev	00000000 .debug_abbrev
00000000 l    d  .debug_aranges	00000000 .debug_aranges
00000000 l    d  .debug_str	00000000 .debug_str
00000000 l    df *ABS*	00000000 ./pr1_a.o
0000000a l       *ABS*	00000000 N
00010000 l       .bss	00000000 res
00000008 l       .text	00000000 next
00000020 l       .text	00000000 fin
00000000 g       .text	00000000 main
00020000 g       *ABS*	00000000 _stack



Disassembly of section .text:

00000000 <main>:
main():
C:\Users\Juan Antonio\Documents\Docencia\FC2\2023-2024\lab\ws\FC2labWS\pr1_a\Debug/../pr1_a.asm:32
	res: 	.space 4
//program
.text
.global main
main:
	add t0,zero,zero
   0:	000002b3          	add	t0,zero,zero
C:\Users\Juan Antonio\Documents\Docencia\FC2\2023-2024\lab\ws\FC2labWS\pr1_a\Debug/../pr1_a.asm:33
	addi t1,zero,N
   4:	00a00313          	li	t1,10

00000008 <next>:
next():
C:\Users\Juan Antonio\Documents\Docencia\FC2\2023-2024\lab\ws\FC2labWS\pr1_a\Debug/../pr1_a.asm:35
next:
	add t0,t0,t1
   8:	006282b3          	add	t0,t0,t1
C:\Users\Juan Antonio\Documents\Docencia\FC2\2023-2024\lab\ws\FC2labWS\pr1_a\Debug/../pr1_a.asm:36
	addi t1,t1,-1
   c:	fff30313          	addi	t1,t1,-1
C:\Users\Juan Antonio\Documents\Docencia\FC2\2023-2024\lab\ws\FC2labWS\pr1_a\Debug/../pr1_a.asm:37
	bgt  t1,zero,next
  10:	fe604ce3          	bgtz	t1,8 <next>
C:\Users\Juan Antonio\Documents\Docencia\FC2\2023-2024\lab\ws\FC2labWS\pr1_a\Debug/../pr1_a.asm:39

	la t3,res
  14:	00010e17          	auipc	t3,0x10
  18:	fece0e13          	addi	t3,t3,-20 # 10000 <res>
C:\Users\Juan Antonio\Documents\Docencia\FC2\2023-2024\lab\ws\FC2labWS\pr1_a\Debug/../pr1_a.asm:40
	sw t0,0(t3)
  1c:	005e2023          	sw	t0,0(t3)

00000020 <fin>:
fin():
C:\Users\Juan Antonio\Documents\Docencia\FC2\2023-2024\lab\ws\FC2labWS\pr1_a\Debug/../pr1_a.asm:43

fin:                //end of program
    j fin           //the program stays here forever
  20:	0000006f          	j	20 <fin>
