
pr2_a.elf:     file format elf32-littleriscv
pr2_a.elf
architecture: riscv:rv32, flags 0x00000112:
EXEC_P, HAS_SYMS, D_PAGED
start address 0x00000000

Program Header:
    LOAD off    0x00001000 vaddr 0x00000000 paddr 0x00000000 align 2**12
         filesz 0x00000058 memsz 0x00000058 flags r-x
    LOAD off    0x00002000 vaddr 0x00010000 paddr 0x00010000 align 2**12
         filesz 0x00000020 memsz 0x00000024 flags rw-

Sections:
Idx Name              Size      VMA       LMA       File off  Algn  Flags
  0 .text             00000058  00000000  00000000  00001000  2**2  CONTENTS, ALLOC, LOAD, READONLY, CODE
  1 .data             00000020  00010000  00010000  00002000  2**0  CONTENTS, ALLOC, LOAD, DATA
  2 .bss              00000004  00010020  00010020  00002020  2**0  ALLOC
  3 .riscv.attributes 0000001f  00000000  00000000  00002020  2**0  CONTENTS, READONLY
  4 .debug_line       000000af  00000000  00000000  0000203f  2**0  CONTENTS, READONLY, DEBUGGING, OCTETS
  5 .debug_info       00000026  00000000  00000000  000020ee  2**0  CONTENTS, READONLY, DEBUGGING, OCTETS
  6 .debug_abbrev     00000014  00000000  00000000  00002114  2**0  CONTENTS, READONLY, DEBUGGING, OCTETS
  7 .debug_aranges    00000020  00000000  00000000  00002128  2**3  CONTENTS, READONLY, DEBUGGING, OCTETS
  8 .debug_str        0000006c  00000000  00000000  00002148  2**0  CONTENTS, READONLY, DEBUGGING, OCTETS
SYMBOL TABLE:
00000000 l    d  .text	00000000 .text
00010000 l    d  .data	00000000 .data
00010020 l    d  .bss	00000000 .bss
00000000 l    d  .riscv.attributes	00000000 .riscv.attributes
00000000 l    d  .debug_line	00000000 .debug_line
00000000 l    d  .debug_info	00000000 .debug_info
00000000 l    d  .debug_abbrev	00000000 .debug_abbrev
00000000 l    d  .debug_aranges	00000000 .debug_aranges
00000000 l    d  .debug_str	00000000 .debug_str
00000000 l    df *ABS*	00000000 ./pr2_a.o
00000008 l       *ABS*	00000000 N
00010000 l       *ABS*	00000000 INT_MAX
00010000 l       .data	00000000 V
00010020 l       .bss	00000000 min
00000028 l       .text	00000000 cont
0000003c l       .text	00000000 noupdate
00000054 l       .text	00000000 fin
00000000 g       .text	00000000 main
00020000 g       *ABS*	00000000 _stack



Disassembly of section .text:

00000000 <main>:
main():
C:\Users\Juan Antonio\Documents\Docencia\FC2\2023-2024\lab\ws\FC2labWS\pr2_a\Debug/../pr2_a.asm:38
min: .space 4

.text
main:

	add sp, sp, -8
   0:	ff810113          	addi	sp,sp,-8
C:\Users\Juan Antonio\Documents\Docencia\FC2\2023-2024\lab\ws\FC2labWS\pr2_a\Debug/../pr2_a.asm:39
 	sw  s1, 4(sp)
   4:	00912223          	sw	s1,4(sp)
C:\Users\Juan Antonio\Documents\Docencia\FC2\2023-2024\lab\ws\FC2labWS\pr2_a\Debug/../pr2_a.asm:40
 	sw  s2, 0(sp)
   8:	01212023          	sw	s2,0(sp)
C:\Users\Juan Antonio\Documents\Docencia\FC2\2023-2024\lab\ws\FC2labWS\pr2_a\Debug/../pr2_a.asm:43


    la s1, min
   c:	00010497          	auipc	s1,0x10
  10:	01448493          	addi	s1,s1,20 # 10020 <min>
C:\Users\Juan Antonio\Documents\Docencia\FC2\2023-2024\lab\ws\FC2labWS\pr2_a\Debug/../pr2_a.asm:44
    li t0, INT_MAX
  14:	000102b7          	lui	t0,0x10
C:\Users\Juan Antonio\Documents\Docencia\FC2\2023-2024\lab\ws\FC2labWS\pr2_a\Debug/../pr2_a.asm:45
    sw t0, 0(s1)
  18:	0054a023          	sw	t0,0(s1)
C:\Users\Juan Antonio\Documents\Docencia\FC2\2023-2024\lab\ws\FC2labWS\pr2_a\Debug/../pr2_a.asm:48


    li t1,N-1 //index
  1c:	00700313          	li	t1,7
C:\Users\Juan Antonio\Documents\Docencia\FC2\2023-2024\lab\ws\FC2labWS\pr2_a\Debug/../pr2_a.asm:49
    la s2,V
  20:	00010917          	auipc	s2,0x10
  24:	fe090913          	addi	s2,s2,-32 # 10000 <INT_MAX>

00000028 <cont>:
cont():
C:\Users\Juan Antonio\Documents\Docencia\FC2\2023-2024\lab\ws\FC2labWS\pr2_a\Debug/../pr2_a.asm:51
cont:
    slli t2,t1,2 //offset *4
  28:	00231393          	slli	t2,t1,0x2
C:\Users\Juan Antonio\Documents\Docencia\FC2\2023-2024\lab\ws\FC2labWS\pr2_a\Debug/../pr2_a.asm:52
    add t3,s2,t2 //address
  2c:	00790e33          	add	t3,s2,t2
C:\Users\Juan Antonio\Documents\Docencia\FC2\2023-2024\lab\ws\FC2labWS\pr2_a\Debug/../pr2_a.asm:53
    lw t4,0(t3)
  30:	000e2e83          	lw	t4,0(t3)
C:\Users\Juan Antonio\Documents\Docencia\FC2\2023-2024\lab\ws\FC2labWS\pr2_a\Debug/../pr2_a.asm:54
    bge t4,t0,noupdate
  34:	005ed463          	bge	t4,t0,3c <noupdate>
C:\Users\Juan Antonio\Documents\Docencia\FC2\2023-2024\lab\ws\FC2labWS\pr2_a\Debug/../pr2_a.asm:55
    mv t0,t4
  38:	000e8293          	mv	t0,t4

0000003c <noupdate>:
noupdate():
C:\Users\Juan Antonio\Documents\Docencia\FC2\2023-2024\lab\ws\FC2labWS\pr2_a\Debug/../pr2_a.asm:57
 noupdate:
 	addi t1,t1,-1
  3c:	fff30313          	addi	t1,t1,-1
C:\Users\Juan Antonio\Documents\Docencia\FC2\2023-2024\lab\ws\FC2labWS\pr2_a\Debug/../pr2_a.asm:58
 	bge t1,zero,cont
  40:	fe0354e3          	bgez	t1,28 <cont>
C:\Users\Juan Antonio\Documents\Docencia\FC2\2023-2024\lab\ws\FC2labWS\pr2_a\Debug/../pr2_a.asm:60

 	sw t0,0(s1)
  44:	0054a023          	sw	t0,0(s1)
C:\Users\Juan Antonio\Documents\Docencia\FC2\2023-2024\lab\ws\FC2labWS\pr2_a\Debug/../pr2_a.asm:63


	lw  s2, 0(sp)
  48:	00012903          	lw	s2,0(sp)
C:\Users\Juan Antonio\Documents\Docencia\FC2\2023-2024\lab\ws\FC2labWS\pr2_a\Debug/../pr2_a.asm:64
 	lw  s1, 4(sp)
  4c:	00412483          	lw	s1,4(sp)
C:\Users\Juan Antonio\Documents\Docencia\FC2\2023-2024\lab\ws\FC2labWS\pr2_a\Debug/../pr2_a.asm:65
 	add sp, sp, 8
  50:	00810113          	addi	sp,sp,8

00000054 <fin>:
fin():
C:\Users\Juan Antonio\Documents\Docencia\FC2\2023-2024\lab\ws\FC2labWS\pr2_a\Debug/../pr2_a.asm:69


fin:                //end of program
    j fin           //the program stays here forever
  54:	0000006f          	j	54 <fin>
